Build started 2/17/2016 1:40:12 PM.
     1>Project "C:\Users\DELL\Documents\Visual Studio 2010\Projects\Buoi_03\La la la\La la la.vcxproj" on node 2 (build target(s)).
     1>InitializeBuildStatus:
         Creating "Debug\La la la.unsuccessfulbuild" because "AlwaysCreate" was specified.
       ClCompile:
         All outputs are up-to-date.
         D:\Visual Studio 10.0\VC\bin\CL.exe /c /ZI /nologo /W3 /WX- /Od /Oy- /D WIN32 /D _DEBUG /D _CONSOLE /D _UNICODE /D UNICODE /Gm /EHsc /RTC1 /MDd /GS /fp:precise /Zc:wchar_t /Zc:forScope /Yu"StdAfx.h" /Fp"Debug\La la la.pch" /Fo"Debug\\" /Fd"Debug\vc100.pdb" /Gd /TP /analyze- /errorReport:prompt "La la la.cpp"
         La la la.cpp
     1>c:\users\dell\documents\visual studio 2010\projects\buoi_03\la la la\la la la.cpp(30): warning C4996: 'getch': The POSIX name for this item is deprecated. Instead, use the ISO C++ conformant name: _getch. See online help for details.
                 d:\visual studio 10.0\vc\include\conio.h(128) : see declaration of 'getch'
       ManifestResourceCompile:
         All outputs are up-to-date.
       Link:
         D:\Visual Studio 10.0\VC\bin\link.exe /ERRORREPORT:PROMPT /OUT:"C:\Users\DELL\Documents\Visual Studio 2010\Projects\Buoi_03\Debug\La la la.exe" /INCREMENTAL /NOLOGO kernel32.lib user32.lib gdi32.lib winspool.lib comdlg32.lib advapi32.lib shell32.lib ole32.lib oleaut32.lib uuid.lib odbc32.lib odbccp32.lib /MANIFEST /ManifestFile:"Debug\La la la.exe.intermediate.manifest" /MANIFESTUAC:"level='asInvoker' uiAccess='false'" /DEBUG /PDB:"C:\Users\DELL\Documents\Visual Studio 2010\Projects\Buoi_03\Debug\La la la.pdb" /SUBSYSTEM:CONSOLE /TLBID:1 /DYNAMICBASE /NXCOMPAT /IMPLIB:"C:\Users\DELL\Documents\Visual Studio 2010\Projects\Buoi_03\Debug\La la la.lib" /MACHINE:X86 "Debug\La la la.exe.embed.manifest.res"
         "Debug\La la la.obj"
         Debug\stdafx.obj
       Manifest:
         C:\Program Files (x86)\Microsoft SDKs\Windows\v7.0A\bin\mt.exe /nologo /verbose /out:"Debug\La la la.exe.embed.manifest" /manifest "Debug\La la la.exe.intermediate.manifest"
         All outputs are up-to-date.
       LinkEmbedManifest:
         All outputs are up-to-date.
         La la la.vcxproj -> C:\Users\DELL\Documents\Visual Studio 2010\Projects\Buoi_03\Debug\La la la.exe
       FinalizeBuildStatus:
         Deleting file "Debug\La la la.unsuccessfulbuild".
         Touching "Debug\La la la.lastbuildstate".
     1>Done Building Project "C:\Users\DELL\Documents\Visual Studio 2010\Projects\Buoi_03\La la la\La la la.vcxproj" (build target(s)).

Build succeeded.

Time Elapsed 00:00:00.31
